Started by user [8mha:////4L3tsnRPsefmDY0U8v8BjLb6Gr9PBjn9hDnRb+cK0K4/AAAAlx+LCAAAAAAAAP9b85aBtbiIQTGjNKU4P08vOT+vOD8nVc83PyU1x6OyILUoJzMv2y+/JJUBAhiZGBgqihhk0NSjKDWzXb3RdlLBUSYGJk8GtpzUvPSSDB8G5tKinBIGIZ+sxLJE/ZzEvHT94JKizLx0a6BxUmjGOUNodHsLgAzWEgZu/dLi1CL9xJTczDwAj6GcLcAAAAA=[0madmin
Building in workspace /var/lib/jenkins/workspace/sample-spring-boot
 > git rev-parse --is-inside-work-tree # timeout=10
Fetching changes from the remote Git repository
 > git config remote.origin.url https://github.com/hornetm/sample-spring-boot.git # timeout=10
Fetching upstream changes from https://github.com/hornetm/sample-spring-boot.git
 > git --version # timeout=10
 > git fetch --tags --progress https://github.com/hornetm/sample-spring-boot.git +refs/heads/*:refs/remotes/origin/*
 > git rev-parse refs/remotes/origin/master^{commit} # timeout=10
 > git rev-parse refs/remotes/origin/origin/master^{commit} # timeout=10
Checking out Revision a9f0e50c462b5552e35585db501aa54da5a0c6e4 (refs/remotes/origin/master)
 > git config core.sparsecheckout # timeout=10
 > git checkout -f a9f0e50c462b5552e35585db501aa54da5a0c6e4
Commit message: "Create README.md"
 > git rev-list --no-walk a9f0e50c462b5552e35585db501aa54da5a0c6e4 # timeout=10
[sample-spring-boot] $ /var/lib/jenkins/tools/hudson.tasks.Maven_MavenInstallation/Maven/bin/mvn clean verify
[INFO] Scanning for projects...
[8mha:////4Kx5xxIW+ARHUojydmminAZ46VDkSYwVcMOv9ppVP+3dAAAAYB+LCAAAAAAAAP9b85aBtbiIQSmjNKU4P0+vJLE4u1gvPjexLDVPzxdEuhYV5Rf55ZekOlc7RKnPKH7IxMBQUcQgBdWQnJ9XnJ+TqucMoUEKGSCAEaSwAACsNFCqYAAAAA==[0m[ERROR] [ERROR] Some problems were encountered while processing the POMs:
[FATAL] 'parent.version' is missing. @ line 14, column 10
 @ 
[8mha:////4Kx5xxIW+ARHUojydmminAZ46VDkSYwVcMOv9ppVP+3dAAAAYB+LCAAAAAAAAP9b85aBtbiIQSmjNKU4P0+vJLE4u1gvPjexLDVPzxdEuhYV5Rf55ZekOlc7RKnPKH7IxMBQUcQgBdWQnJ9XnJ+TqucMoUEKGSCAEaSwAACsNFCqYAAAAA==[0m[ERROR] The build could not read 1 project -> [Help 1]
[8mha:////4Kx5xxIW+ARHUojydmminAZ46VDkSYwVcMOv9ppVP+3dAAAAYB+LCAAAAAAAAP9b85aBtbiIQSmjNKU4P0+vJLE4u1gvPjexLDVPzxdEuhYV5Rf55ZekOlc7RKnPKH7IxMBQUcQgBdWQnJ9XnJ+TqucMoUEKGSCAEaSwAACsNFCqYAAAAA==[0m[ERROR]   
[8mha:////4Kx5xxIW+ARHUojydmminAZ46VDkSYwVcMOv9ppVP+3dAAAAYB+LCAAAAAAAAP9b85aBtbiIQSmjNKU4P0+vJLE4u1gvPjexLDVPzxdEuhYV5Rf55ZekOlc7RKnPKH7IxMBQUcQgBdWQnJ9XnJ+TqucMoUEKGSCAEaSwAACsNFCqYAAAAA==[0m[ERROR]   The project com.example:demo:0.0.1-SNAPSHOT (/var/lib/jenkins/workspace/sample-spring-boot/pom.xml) has 1 error
[8mha:////4Kx5xxIW+ARHUojydmminAZ46VDkSYwVcMOv9ppVP+3dAAAAYB+LCAAAAAAAAP9b85aBtbiIQSmjNKU4P0+vJLE4u1gvPjexLDVPzxdEuhYV5Rf55ZekOlc7RKnPKH7IxMBQUcQgBdWQnJ9XnJ+TqucMoUEKGSCAEaSwAACsNFCqYAAAAA==[0m[ERROR]     'parent.version' is missing. @ line 14, column 10
[8mha:////4Kx5xxIW+ARHUojydmminAZ46VDkSYwVcMOv9ppVP+3dAAAAYB+LCAAAAAAAAP9b85aBtbiIQSmjNKU4P0+vJLE4u1gvPjexLDVPzxdEuhYV5Rf55ZekOlc7RKnPKH7IxMBQUcQgBdWQnJ9XnJ+TqucMoUEKGSCAEaSwAACsNFCqYAAAAA==[0m[ERROR] 
[8mha:////4Kx5xxIW+ARHUojydmminAZ46VDkSYwVcMOv9ppVP+3dAAAAYB+LCAAAAAAAAP9b85aBtbiIQSmjNKU4P0+vJLE4u1gvPjexLDVPzxdEuhYV5Rf55ZekOlc7RKnPKH7IxMBQUcQgBdWQnJ9XnJ+TqucMoUEKGSCAEaSwAACsNFCqYAAAAA==[0m[ERROR] To see the full stack trace of the errors, re-run Maven with the -e switch.
[8mha:////4Kx5xxIW+ARHUojydmminAZ46VDkSYwVcMOv9ppVP+3dAAAAYB+LCAAAAAAAAP9b85aBtbiIQSmjNKU4P0+vJLE4u1gvPjexLDVPzxdEuhYV5Rf55ZekOlc7RKnPKH7IxMBQUcQgBdWQnJ9XnJ+TqucMoUEKGSCAEaSwAACsNFCqYAAAAA==[0m[ERROR] Re-run Maven using the -X switch to enable full debug logging.
[8mha:////4Kx5xxIW+ARHUojydmminAZ46VDkSYwVcMOv9ppVP+3dAAAAYB+LCAAAAAAAAP9b85aBtbiIQSmjNKU4P0+vJLE4u1gvPjexLDVPzxdEuhYV5Rf55ZekOlc7RKnPKH7IxMBQUcQgBdWQnJ9XnJ+TqucMoUEKGSCAEaSwAACsNFCqYAAAAA==[0m[ERROR] 
[8mha:////4Kx5xxIW+ARHUojydmminAZ46VDkSYwVcMOv9ppVP+3dAAAAYB+LCAAAAAAAAP9b85aBtbiIQSmjNKU4P0+vJLE4u1gvPjexLDVPzxdEuhYV5Rf55ZekOlc7RKnPKH7IxMBQUcQgBdWQnJ9XnJ+TqucMoUEKGSCAEaSwAACsNFCqYAAAAA==[0m[ERROR] For more information about the errors and possible solutions, please read the following articles:
[8mha:////4Kx5xxIW+ARHUojydmminAZ46VDkSYwVcMOv9ppVP+3dAAAAYB+LCAAAAAAAAP9b85aBtbiIQSmjNKU4P0+vJLE4u1gvPjexLDVPzxdEuhYV5Rf55ZekOlc7RKnPKH7IxMBQUcQgBdWQnJ9XnJ+TqucMoUEKGSCAEaSwAACsNFCqYAAAAA==[0m[ERROR] [Help 1] http://cwiki.apache.org/confluence/display/MAVEN/ProjectBuildingException
Build step 'Invoke top-level Maven targets' marked build as failure
Publishing Javadoc
Finished: FAILURE
