<?xml version="1.0"?>
<!DOCTYPE coverage SYSTEM "http://cobertura.sourceforge.net/xml/coverage-04.dtd">

<coverage line-rate="0.5" branch-rate="0.5" lines-covered="3" lines-valid="6" branches-covered="1" branches-valid="2" complexity="2.0" version="2.1.1" timestamp="1521715213524">
	<sources>
		<source>/var/lib/jenkins/workspace/tests-build/src/main/java</source>
		<source>--source</source>
	</sources>
	<packages>
		<package name="com.example" line-rate="0.5" branch-rate="0.5" complexity="2.0">
			<classes>
				<class name="com.example.DemoApplication" filename="com/example/DemoApplication.java" line-rate="0.5" branch-rate="0.5" complexity="2.0">
					<methods>
						<method name="&lt;init&gt;" signature="()V" line-rate="1.0" branch-rate="1.0" complexity="0">
							<lines>
								<line number="7" hits="1" branch="false"/>
							</lines>
						</method>
						<method name="diviser" signature="(Ljava/lang/Integer;Ljava/lang/Integer;)D" line-rate="0.6666666666666666" branch-rate="0.5" complexity="0">
							<lines>
								<line number="22" hits="2" branch="true" condition-coverage="50% (1/2)">
									<conditions>
										<condition number="0" type="jump" coverage="50%"/>
									</conditions>
								</line>
								<line number="24" hits="0" branch="false"/>
								<line number="27" hits="2" branch="false"/>
							</lines>
						</method>
						<method name="main" signature="([Ljava/lang/String;)V" line-rate="0.0" branch-rate="1.0" complexity="0">
							<lines>
								<line number="10" hits="0" branch="false"/>
								<line number="11" hits="0" branch="false"/>
							</lines>
						</method>
					</methods>
					<lines>
						<line number="7" hits="1" branch="false"/>
						<line number="10" hits="0" branch="false"/>
						<line number="11" hits="0" branch="false"/>
						<line number="22" hits="2" branch="true" condition-coverage="50% (1/2)">
							<conditions>
								<condition number="0" type="jump" coverage="50%"/>
							</conditions>
						</line>
						<line number="24" hits="0" branch="false"/>
						<line number="27" hits="2" branch="false"/>
					</lines>
				</class>
			</classes>
		</package>
	</packages>
</coverage>
